example/build/app/outputs/mapping/release/seeds.txt
com.paytm.allinonesdk_example.MainActivity
com.paytm.allinonesdk_example.MainActivity: MainActivity()
...
androidx.appcompat.R$id: int forever
paytm.assist.easypay.easypay.appinvoke.R$id: int path
okhttp3.CipherSuite: okhttp3.CipherSuite TLS_KRB5_EXPORT_WITH_DES_CBC_40_MD5
androidx.constraintlayout.widget.R$styleable: int ConstraintLayout_Layout_layout_constraintDimensionRatio
com.airbnb.lottie.R$styleable: int ActionBar_contentInsetLeft
okhttp3.CipherSuite: okhttp3.CipherSuite TLS_ECDHE_RSA_WITH_NULL_SHA
androidx.constraintlayout.widget.R$id: int east
com.paytm.pgsdk.R$style: int Base_V21_ThemeOverlay_AppCompat_Dialog
androidx.constraintlayout.widget.R$styleable: int AppCompatTheme_actionModeCopyDrawable
androidx.appcompat.R$string: int abc_menu_space_shortcut_label
paytm.assist.easypay.easypay.appinvoke.R$id: int chronometer
paytm.assist.easypay.easypay.appinvoke.R$styleable: int AnimatedStateListDrawableItem_android_drawable
androidx.constraintlayout.widget.R$styleable: int ConstraintLayout_Layout_android_layout_marginLeft
androidx.appcompat.R$styleable: int LinearLayoutCompat_measureWithLargestChild
paytm.assist.easypay.easypay.appinvoke.R$styleable: int MenuGroup_android_visible
androidx.core.R$id: int time
androidx.constraintlayout.widget.R$styleable: int ConstraintOverride_pathMotionArc
com.airbnb.lottie.R$styleable: int AlertDialog_listItemLayout
okhttp3.Response$Builder: okhttp3.Headers$Builder headers
paytm.assist.easypay.easypay.appinvoke.R$styleable: int Motion_motionStagger
kotlinx.coroutines.EventLoopImplBase$DelayedTask: java.lang.Object _heap
androidx.constraintlayout.widget.R$styleable: int KeyAttribute_android_transformPivotY
com.airbnb.lottie.R$styleable: int SearchView_searchHintIcon
androidx.constraintlayout.widget.R$styleable: int KeyCycle_curveFit
paytm.assist.easypay.easypay.appinvoke.R$styleable: int ConstraintSet_flow_horizontalAlign
com.airbnb.lottie.R$styleable: int Toolbar_contentInsetStart
com.paytm.pgsdk.R$style: int Widget_AppCompat_ListView_Menu
com.airbnb.lottie.R$styleable: int GradientColor_android_centerX
androidx.appcompat.R$style: int ThemeOverlay_AppCompat_Dark_ActionBar
paytm.assist.easypay.easypay.appinvoke.R$styleable: int Toolbar_android_minHeight
androidx.constraintlayout.widget.R$id: int neverCompleteToStart
androidx.appcompat.R$styleable: int AppCompatTheme_textAppearanceLargePopupMenu
androidx.coordinatorlayout.R$styleable: int FontFamily_fontProviderAuthority
androidx.appcompat.R$dimen: int abc_seekbar_track_progress_height_material
androidx.core.R$id: int tag_on_receive_content_listener
paytm.assist.easypay.easypay.appinvoke.R$layout: int abc_select_dialog_material
com.paytm.pgsdk.R$style: int TextAppearance_AppCompat_Medium
androidx.appcompat.R$id: int accessibility_custom_action_15
paytm.assist.easypay.easypay.appinvoke.R$styleable: int CoordinatorLayout_Layout_layout_insetEdge
androidx.appcompat.R$dimen: int abc_action_button_min_height_material
com.paytm.pgsdk.R$dimen: int abc_dialog_min_width_major
androidx.constraintlayout.widget.R$styleable: int GradientColor_android_tileMode
androidx.appcompat.R$color: int background_material_dark
androidx.lifecycle.Lifecycle$Event: androidx.lifecycle.Lifecycle$Event ON_RESUME
paytm.assist.easypay.easypay.appinvoke.R$id: int dialog_button
androidx.appcompat.R$string: int abc_prepend_shortcut_label
androidx.constraintlayout.widget.R$id: int accessibility_custom_action_8
com.airbnb.lottie.R$styleable: int AppCompatTheme_colorPrimaryDark
com.airbnb.lottie.R$styleable: int TextAppearance_android_textColorHint
okhttp3.Dns: okhttp3.Dns$Companion Companion
androidx.constraintlayout.widget.R$styleable: int ConstraintOverride_flow_firstVerticalBias
androidx.appcompat.R$style: int Widget_AppCompat_Light_ActionBar_TabText
androidx.appcompat.R$style: int Base_Widget_AppCompat_DropDownItem_Spinner
androidx.appcompat.R$style: int Base_TextAppearance_AppCompat_Light_Widget_PopupMenu_Small
androidx.appcompat.R$style: int Base_Widget_AppCompat_CompoundButton_RadioButton
com.paytm.pgsdk.R$style: int Base_V21_Theme_AppCompat_Light_Dialog