example/build/app/outputs/mapping/release/mapping.txt
# compiler: R8
# compiler_version: 3.1.66
# min_api: 21
# pg_map_id: 3ffe249
# common_typos_disable
# {"id":"com.android.tools.r8.mapping","version":"1.0"}
...
androidx.arch.core.internal.SafeIterableMap$AscendingIterator -> p.b$a:
    androidx.arch.core.internal.SafeIterableMap$Entry backward(androidx.arch.core.internal.SafeIterableMap$Entry) -> b
    androidx.arch.core.internal.SafeIterableMap$Entry forward(androidx.arch.core.internal.SafeIterableMap$Entry) -> c
androidx.arch.core.internal.SafeIterableMap$DescendingIterator -> p.b$b:
    androidx.arch.core.internal.SafeIterableMap$Entry backward(androidx.arch.core.internal.SafeIterableMap$Entry) -> b
    androidx.arch.core.internal.SafeIterableMap$Entry forward(androidx.arch.core.internal.SafeIterableMap$Entry) -> c
androidx.arch.core.internal.SafeIterableMap$Entry -> p.b$c:
    java.lang.Object mKey -> f
    java.lang.Object mValue -> g
    androidx.arch.core.internal.SafeIterableMap$Entry mNext -> h
    androidx.arch.core.internal.SafeIterableMap$Entry mPrevious -> i
androidx.arch.core.internal.SafeIterableMap$IteratorWithAdditions -> p.b$d:
    androidx.arch.core.internal.SafeIterableMap$Entry mCurrent -> f
    boolean mBeforeStart -> g
    androidx.arch.core.internal.SafeIterableMap this$0 -> h
    void supportRemove(androidx.arch.core.internal.SafeIterableMap$Entry) -> a
    java.util.Map$Entry next() -> b
androidx.arch.core.internal.SafeIterableMap$ListIterator -> p.b$e:
    androidx.arch.core.internal.SafeIterableMap$Entry mExpectedEnd -> f
    androidx.arch.core.internal.SafeIterableMap$Entry mNext -> g
    void supportRemove(androidx.arch.core.internal.SafeIterableMap$Entry) -> a
    androidx.arch.core.internal.SafeIterableMap$Entry backward(androidx.arch.core.internal.SafeIterableMap$Entry) -> b
    androidx.arch.core.internal.SafeIterableMap$Entry forward(androidx.arch.core.internal.SafeIterableMap$Entry) -> c
    java.util.Map$Entry next() -> d
    androidx.arch.core.internal.SafeIterableMap$Entry nextNode() -> e
androidx.arch.core.internal.SafeIterableMap$SupportRemove -> p.b$f:
    void supportRemove(androidx.arch.core.internal.SafeIterableMap$Entry) -> a
androidx.cardview.R$attr -> q.a:
androidx.cardview.R$color -> q.b:
androidx.cardview.R$dimen -> q.c:
androidx.cardview.R$style -> q.d:
androidx.cardview.R$styleable -> q.e:
androidx.cardview.widget.CardView -> androidx.cardview.widget.CardView:
    android.graphics.Rect mShadowBounds -> k
    int mUserSetMinWidth -> h
    int mUserSetMinHeight -> i
    android.graphics.Rect mContentPadding -> j
    androidx.cardview.widget.CardViewImpl IMPL -> n
    boolean mCompatPadding -> f
    boolean mPreventCornerOverlap -> g
    androidx.cardview.widget.CardViewDelegate mCardViewDelegate -> l
    int[] COLOR_BACKGROUND_ATTR -> m
    void access$001(androidx.cardview.widget.CardView,int,int,int,int) -> a
    void access$101(androidx.cardview.widget.CardView,int) -> b
    void access$201(androidx.cardview.widget.CardView,int) -> c
androidx.cardview.widget.CardView$1 -> androidx.cardview.widget.CardView$a:
    androidx.cardview.widget.CardView this$0 -> b
    android.graphics.drawable.Drawable mCardBackground -> a
    android.view.View getCardView() -> a
    boolean getUseCompatPadding() -> b
    void setShadowPadding(int,int,int,int) -> c
    android.graphics.drawable.Drawable getCardBackground() -> d
    void setMinWidthHeightInternal(int,int) -> e
    void setCardBackground(android.graphics.drawable.Drawable) -> f
    boolean getPreventCornerOverlap() -> g
androidx.cardview.widget.CardViewApi17Impl -> androidx.cardview.widget.a:
    void initStatic() -> o
androidx.cardview.widget.CardViewApi17Impl$1 -> androidx.cardview.widget.a$a:
    androidx.cardview.widget.CardViewApi17Impl this$0 -> a
    void drawRoundRect(android.graphics.Canvas,android.graphics.RectF,float,android.graphics.Paint) -> a