example/build/app/outputs/mapping/release/usage.txt
com.paytm.allinonesdk_example.BuildConfig
com.paytm.allinonesdk_example.R$anim
com.paytm.allinonesdk_example.R$animator
com.paytm.allinonesdk_example.R$attr
com.paytm.allinonesdk_example.R$bool
com.paytm.allinonesdk_example.R$color
com.paytm.allinonesdk_example.R$dimen
com.paytm.allinonesdk_example.R$drawable
com.paytm.allinonesdk_example.R$id
com.paytm.allinonesdk_example.R$integer
com.paytm.allinonesdk_example.R$interpolator
com.paytm.allinonesdk_example.R$layout
com.paytm.allinonesdk_example.R$mipmap
com.paytm.allinonesdk_example.R$string
com.paytm.allinonesdk_example.R$style
com.paytm.allinonesdk_example.R$styleable
com.paytm.allinonesdk_example.R$xml
com.paytm.allinonesdk_example.R
...
androidx.constraintlayout.core.motion.MotionConstrainedPoint
androidx.constraintlayout.core.motion.MotionPaths
androidx.constraintlayout.core.motion.MotionWidget$Motion
androidx.constraintlayout.core.motion.MotionWidget$PropertySet
androidx.constraintlayout.core.motion.MotionWidget
androidx.constraintlayout.core.motion.key.MotionConstraintSet
androidx.constraintlayout.core.motion.key.MotionKey
androidx.constraintlayout.core.motion.key.MotionKeyAttributes
androidx.constraintlayout.core.motion.key.MotionKeyCycle
androidx.constraintlayout.core.motion.key.MotionKeyPosition
androidx.constraintlayout.core.motion.key.MotionKeyTimeCycle
androidx.constraintlayout.core.motion.key.MotionKeyTrigger
androidx.constraintlayout.core.motion.parse.KeyParser$DataType
androidx.constraintlayout.core.motion.parse.KeyParser$Ids
androidx.constraintlayout.core.motion.parse.KeyParser
androidx.constraintlayout.core.motion.utils.ArcCurveFit$Arc:
    private static final double EPSILON
    private static final java.lang.String TAG
androidx.constraintlayout.core.motion.utils.ArcCurveFit:
    public static final int ARC_START_FLIP
    public static final int ARC_START_HORIZONTAL
    public static final int ARC_START_LINEAR
    public static final int ARC_START_VERTICAL
    private static final int START_HORIZONTAL
    private static final int START_LINEAR
    private static final int START_VERTICAL
androidx.constraintlayout.core.motion.utils.CurveFit:
    public static final int CONSTANT
    public static final int LINEAR
    public static final int SPLINE
androidx.constraintlayout.core.motion.utils.DifferentialInterpolator
androidx.constraintlayout.core.motion.utils.Easing$CubicEasing:
    public void <init>(double,double,double,double)
    private double getDiffX(double)
    private double getDiffY(double)
    void setup(double,double,double,double)
androidx.constraintlayout.core.motion.utils.Easing:
    private static final java.lang.String ACCELERATE
    private static final java.lang.String ACCELERATE_NAME
    private static final java.lang.String DECELERATE
    private static final java.lang.String DECELERATE_NAME
    private static final java.lang.String LINEAR
    private static final java.lang.String LINEAR_NAME
    private static final java.lang.String STANDARD
    private static final java.lang.String STANDARD_NAME
androidx.constraintlayout.core.motion.utils.FloatRect
androidx.constraintlayout.core.motion.utils.HyperSpline$Cubic
androidx.constraintlayout.core.motion.utils.HyperSpline
androidx.constraintlayout.core.motion.utils.KeyCycleOscillator$CoreSpline
androidx.constraintlayout.core.motion.utils.KeyCycleOscillator$CycleOscillator:
    private static final java.lang.String TAG
    static final int UNSET
    public double getLastPhase()
androidx.constraintlayout.core.motion.utils.KeyCycleOscillator$IntDoubleSort
androidx.constraintlayout.core.motion.utils.KeyCycleOscillator$IntFloatFloatSort
androidx.constraintlayout.core.motion.utils.KeyCycleOscillator$PathRotateSet
androidx.constraintlayout.core.motion.utils.KeyCycleOscillator:
    private static final java.lang.String TAG
    public androidx.constraintlayout.core.motion.utils.CurveFit getCurveFit()
    public static androidx.constraintlayout.core.motion.utils.KeyCycleOscillator makeWidgetCycle(java.lang.String)
    public void setProperty(androidx.constraintlayout.core.motion.MotionWidget,float)
androidx.constraintlayout.core.motion.utils.KeyFrameArray$CustomArray
androidx.constraintlayout.core.motion.utils.KeyFrameArray$CustomVar
androidx.constraintlayout.core.motion.utils.KeyFrameArray$FloatArray
androidx.constraintlayout.core.motion.utils.KeyFrameArray
androidx.constraintlayout.core.motion.utils.LinearCurveFit:
    private static final java.lang.String TAG
    private double getLength2D(double)
androidx.constraintlayout.core.motion.utils.MonotonicCurveFit:
    private static final java.lang.String TAG